[home-2.html]
[backblue.gif]
[fade.gif]
[index.html]
[img/favicon.ico]
[cdnjs.cloudflare.com/ajax/libs/font-awesome/5.10.0/css/all.min.css]
[cdn.jsdelivr.net/npm/bootstrap-icons@1.4.1/font/bootstrap-icons.css]
[lib/animate/animate.min.css]
[lib/owlcarousel/assets/owl.carousel.min.css]
[lib/tempusdominus/css/tempusdominus-bootstrap-4.min.css]
[lib/twentytwenty/twentytwenty.css]
[css/bootstrap.min.css]
[css/style.css]
[img/icons/icon-1.png]
[index.html]
[home-1.html]
[about-1.html]
[about-2.html]
[service-1.html]
[service-2.html]
[service-detail.html]
[project-1.html]
[project-2.html]
[project-detail.html]
[pricing.html]
[blog-list.html]
[blog-grid.html]
[blog-detail.html]
[team.html]
[team-detail.html]
[faq.html]
[feature.html]
[appointment.html]
[testimonial.html]
[coming-soon.html]
[404.html]
[contact.html]
[element.html]
[img/project-lg-1.jpg]
[img/project-lg-2.jpg]
[img/project-lg-3.jpg]
[img/carousel-sm-1.jpg]
[img/carousel-1.jpg]
[img/carousel-sm-2.jpg]
[img/carousel-2.jpg]
[img/carousel-sm-3.jpg]
[img/carousel-3.jpg]
[img/icons/icon-2.png]
[img/icons/icon-3.png]
[img/icons/icon-4.png]
[img/about-1.jpg]
[img/about-2.jpg]
[img/icons/icon-5.png]
[img/icons/icon-6.png]
[img/icons/icon-7.png]
[img/icons/icon-8.png]
[img/icons/icon-9.png]
[img/icons/icon-10.png]
[img/project-md-1.jpg]
[img/project-md-2.jpg]
[img/project-md-3.jpg]
[img/team-1.jpg]
[img/team-2.jpg]
[img/team-3.jpg]
[img/team-4.jpg]
[img/testimonial-1.jpg]
[img/testimonial-2.jpg]
[img/testimonial-3.jpg]
[img/blog-md-1.jpg]
[img/blog-md-2.jpg]
[img/blog-md-3.jpg]
[cdn-cgi/scripts/5c5dd728/cloudflare-static/email-decode.min.js]
[code.jquery.com/jquery-3.4.1.min.js]
[cdn.jsdelivr.net/npm/bootstrap@5.0.0/dist/js/bootstrap.bundle.min.js]
[lib/wow/wow.min.js]
[lib/easing/easing.min.js]
[lib/waypoints/waypoints.min.js]
[lib/counterup/counterup.min.js]
[lib/owlcarousel/owl.carousel.min.js]
[lib/tempusdominus/js/moment.min.js]
[lib/tempusdominus/js/moment-timezone.min.js]
[lib/tempusdominus/js/tempusdominus-bootstrap-4.min.js]
[lib/twentytwenty/jquery.event.move.js]
[lib/twentytwenty/jquery.twentytwenty.js]
[js/main.js]
[home-2.html]
[img/favicon.html]
[cdnjs.cloudflare.com/ajax/libs/font-awesome/5.10.0/css/all.min.css]
[cdn-cgi/scripts/7d0fa10a/cloudflare-static/rocket-loader.min.js]
[cdn.jsdelivr.net/npm/bootstrap-icons@1.4.1/font/fonts/bootstrap-iconsfb95.woff2]
[cdn.jsdelivr.net/npm/bootstrap-icons@1.4.1/font/fonts/bootstrap-iconsfb95.woff]
[cdn.jsdelivr.net/npm/bootstrap-icons@1.4.1/font/bootstrap-icons.css]
[lib/animate/animate.min.css]
[lib/owlcarousel/assets/owl.video.play.png]
[lib/owlcarousel/assets/owl.carousel.min.css]
[lib/tempusdominus/css/tempusdominus-bootstrap-4.min.css]
[lib/twentytwenty/twentytwenty.css]
[css/bootstrap.min.css]
[css/style.css]
[img/demo/home-1.jpg]
[img/demo/home-2.jpg]
[img/demo/about-1.jpg]
[img/demo/about-2.jpg]
[img/demo/service-1.jpg]
[img/demo/service-2.jpg]
[img/demo/service-detail.jpg]
[img/demo/project-1.jpg]
[img/demo/project-2.jpg]
[img/demo/project-detail.jpg]
[img/demo/pricing.jpg]
[img/demo/blog-list.jpg]
[img/demo/blog-grid.jpg]
[img/demo/blog-detail.jpg]
[img/demo/team.jpg]
[img/demo/team-detail.jpg]
[img/demo/faq.jpg]
[img/demo/feature.jpg]
[img/demo/appointment.jpg]
[img/demo/testimonial.jpg]
[img/demo/coming-soon.jpg]
[img/demo/404.jpg]
[img/demo/contact.jpg]
[img/demo/element.jpg]
[index.html]
[img/service-1.jpg]
[img/service-2.jpg]
[img/service-3.jpg]
[img/service-4.jpg]
[img/service-5.jpg]
[img/service-6.jpg]
[img/project-lg-4.jpg]
[home-1.html]
[img/logo/logo-1.png]
[img/logo/logo-2.png]
[img/logo/logo-3.png]
[img/logo/logo-4.png]
[img/logo/logo-5.png]
[img/logo/logo-6.png]
[img/logo/logo-7.png]
[img/logo/logo-8.png]
[about-1.html]
[about-2.html]
[service-1.html]
[service-2.html]
[img/blog-lg-1.jpg]
[img/blog-lg-2.jpg]
[service-detail.html]
[project-1.html]
[project-2.html]
[project-detail.html]
[img/blog-lg-3.jpg]
[pricing.html]
[img/blog-sm-1.jpg]
[img/blog-sm-2.jpg]
[img/blog-sm-3.jpg]
[blog-list.html]
[blog-grid.html]
[img/user-1.jpg]
[img/user-2.jpg]
[img/user-3.jpg]
[blog-detail.html]
[team.html]
[team-detail.html]
[faq.html]
[feature.html]
[appointment.html]
[testimonial.html]
[coming-soon.html]
[404.html]
[mail/jqBootstrapValidation.min.js]
[contact.html]
[element.html]
[mail/contact-form.js]
